<?xml version="1.0" encoding="UTF-8"?>
<testng-results skipped="0" failed="0" ignored="0" total="1" passed="1">
  <reporter-output>
  </reporter-output>
  <suite name="Suite" duration-ms="56518" started-at="2018-02-27T13:00:48Z" finished-at="2018-02-27T13:01:45Z">
    <groups>
    </groups>
    <test name="Test" duration-ms="56518" started-at="2018-02-27T13:00:48Z" finished-at="2018-02-27T13:01:45Z">
      <class name="com.parklands.HomeTest">
        <test-method status="PASS" signature="initiate()[pri:0, instance:com.parklands.HomeTest@39ba5a14]" name="initiate" is-config="true" duration-ms="12285" started-at="2018-02-27T13:00:48Z" finished-at="2018-02-27T13:01:01Z">
          <reporter-output>
          </reporter-output>
        </test-method> <!-- initiate -->
        <test-method status="PASS" signature="pLn()[pri:0, instance:com.parklands.HomeTest@39ba5a14]" name="pLn" duration-ms="44181" started-at="2018-02-27T13:01:01Z" finished-at="2018-02-27T13:01:45Z">
          <reporter-output>
          </reporter-output>
        </test-method> <!-- pLn -->
      </class> <!-- com.parklands.HomeTest -->
    </test> <!-- Test -->
  </suite> <!-- Suite -->
</testng-results>
