<?xml version="1.0" encoding="UTF-8"?>
<testng-results skipped="0" failed="0" total="1" passed="1">
  <reporter-output>
  </reporter-output>
  <suite name="Default suite" duration-ms="72671" started-at="2018-03-09T19:59:44Z" finished-at="2018-03-09T20:00:57Z">
    <groups>
    </groups>
    <test name="Default test" duration-ms="72671" started-at="2018-03-09T19:59:44Z" finished-at="2018-03-09T20:00:57Z">
      <class name="com.parklands.HomeTest">
        <test-method status="PASS" signature="initiate()[pri:0, instance:com.parklands.HomeTest@256216b3]" name="initiate" is-config="true" duration-ms="13121" started-at="2018-03-09T19:59:44Z" finished-at="2018-03-09T19:59:57Z">
          <reporter-output>
          </reporter-output>
        </test-method> <!-- initiate -->
        <test-method status="PASS" signature="pLn()[pri:0, instance:com.parklands.HomeTest@256216b3]" name="pLn" duration-ms="48843" started-at="2018-03-09T19:59:57Z" finished-at="2018-03-09T20:00:46Z">
          <reporter-output>
          </reporter-output>
        </test-method> <!-- pLn -->
        <test-method status="PASS" signature="tearDown()[pri:0, instance:com.parklands.HomeTest@256216b3]" name="tearDown" is-config="true" duration-ms="10426" started-at="2018-03-09T20:00:46Z" finished-at="2018-03-09T20:00:57Z">
          <reporter-output>
          </reporter-output>
        </test-method> <!-- tearDown -->
      </class> <!-- com.parklands.HomeTest -->
    </test> <!-- Default test -->
  </suite> <!-- Default suite -->
</testng-results>
